mode: atomic
github.com/cangkir13/confide_acl/repository/account.go:28.38,29.37 1 0
github.com/cangkir13/confide_acl/repository/account.go:29.37,31.3 1 0
github.com/cangkir13/confide_acl/repository/account.go:32.2,32.16 1 0
github.com/cangkir13/confide_acl/repository/repository.go:25.57,27.2 1 14
github.com/cangkir13/confide_acl/repository/repository.go:48.68,52.16 3 3
github.com/cangkir13/confide_acl/repository/repository.go:52.16,53.57 1 2
github.com/cangkir13/confide_acl/repository/repository.go:53.57,55.4 1 1
github.com/cangkir13/confide_acl/repository/repository.go:56.3,56.73 1 1
github.com/cangkir13/confide_acl/repository/repository.go:58.2,58.12 1 1
github.com/cangkir13/confide_acl/repository/repository.go:69.74,73.16 3 3
github.com/cangkir13/confide_acl/repository/repository.go:73.16,74.57 1 2
github.com/cangkir13/confide_acl/repository/repository.go:74.57,76.4 1 1
github.com/cangkir13/confide_acl/repository/repository.go:77.3,77.79 1 1
github.com/cangkir13/confide_acl/repository/repository.go:79.2,79.12 1 1
github.com/cangkir13/confide_acl/repository/repository.go:91.89,108.40 4 1
github.com/cangkir13/confide_acl/repository/repository.go:108.40,110.3 1 0
github.com/cangkir13/confide_acl/repository/repository.go:112.2,112.25 1 1
github.com/cangkir13/confide_acl/repository/repository.go:124.98,131.35 4 1
github.com/cangkir13/confide_acl/repository/repository.go:131.35,134.3 2 2
github.com/cangkir13/confide_acl/repository/repository.go:136.2,141.16 3 1
github.com/cangkir13/confide_acl/repository/repository.go:141.16,143.3 1 0
github.com/cangkir13/confide_acl/repository/repository.go:144.2,146.18 2 1
github.com/cangkir13/confide_acl/repository/repository.go:146.18,148.50 2 2
github.com/cangkir13/confide_acl/repository/repository.go:148.50,150.4 1 0
github.com/cangkir13/confide_acl/repository/repository.go:151.3,151.54 1 2
github.com/cangkir13/confide_acl/repository/repository.go:154.2,154.35 1 1
github.com/cangkir13/confide_acl/repository/repository.go:154.35,156.3 1 0
github.com/cangkir13/confide_acl/repository/repository.go:158.2,158.29 1 1
github.com/cangkir13/confide_acl/repository/repository.go:158.29,160.3 1 0
github.com/cangkir13/confide_acl/repository/repository.go:162.2,162.27 1 1
github.com/cangkir13/confide_acl/repository/repository.go:174.86,181.29 4 1
github.com/cangkir13/confide_acl/repository/repository.go:181.29,184.3 2 2
github.com/cangkir13/confide_acl/repository/repository.go:186.2,191.16 3 1
github.com/cangkir13/confide_acl/repository/repository.go:191.16,193.3 1 0
github.com/cangkir13/confide_acl/repository/repository.go:194.2,196.18 2 1
github.com/cangkir13/confide_acl/repository/repository.go:196.18,198.44 2 2
github.com/cangkir13/confide_acl/repository/repository.go:198.44,200.4 1 0
github.com/cangkir13/confide_acl/repository/repository.go:201.3,201.36 1 2
github.com/cangkir13/confide_acl/repository/repository.go:204.2,204.35 1 1
github.com/cangkir13/confide_acl/repository/repository.go:204.35,206.3 1 0
github.com/cangkir13/confide_acl/repository/repository.go:208.2,208.23 1 1
github.com/cangkir13/confide_acl/repository/repository.go:208.23,210.3 1 0
github.com/cangkir13/confide_acl/repository/repository.go:212.2,212.21 1 1
github.com/cangkir13/confide_acl/repository/repository.go:229.108,243.30 7 3
github.com/cangkir13/confide_acl/repository/repository.go:243.30,245.3 1 4
github.com/cangkir13/confide_acl/repository/repository.go:247.2,253.16 5 3
github.com/cangkir13/confide_acl/repository/repository.go:253.16,255.3 1 1
github.com/cangkir13/confide_acl/repository/repository.go:256.2,258.18 2 2
github.com/cangkir13/confide_acl/repository/repository.go:258.18,260.69 2 3
github.com/cangkir13/confide_acl/repository/repository.go:260.69,262.4 1 0
github.com/cangkir13/confide_acl/repository/repository.go:263.3,263.48 1 3
github.com/cangkir13/confide_acl/repository/repository.go:266.2,266.25 1 2
github.com/cangkir13/confide_acl/repository/repository.go:279.124,296.30 8 4
github.com/cangkir13/confide_acl/repository/repository.go:296.30,298.3 1 5
github.com/cangkir13/confide_acl/repository/repository.go:300.2,306.16 5 4
github.com/cangkir13/confide_acl/repository/repository.go:306.16,308.3 1 1
github.com/cangkir13/confide_acl/repository/repository.go:309.2,312.18 3 3
github.com/cangkir13/confide_acl/repository/repository.go:312.18,314.78 2 5
github.com/cangkir13/confide_acl/repository/repository.go:314.78,316.4 1 0
github.com/cangkir13/confide_acl/repository/repository.go:317.3,317.48 1 5
github.com/cangkir13/confide_acl/repository/repository.go:320.2,320.35 1 3
github.com/cangkir13/confide_acl/repository/repository.go:320.35,322.3 1 0
github.com/cangkir13/confide_acl/repository/repository.go:325.2,325.26 1 3
github.com/cangkir13/confide_acl/repository/repository.go:325.26,327.3 1 2
github.com/cangkir13/confide_acl/repository/repository.go:328.2,330.29 2 3
github.com/cangkir13/confide_acl/repository/repository.go:342.98,345.16 2 1
github.com/cangkir13/confide_acl/repository/repository.go:345.16,347.3 1 0
github.com/cangkir13/confide_acl/repository/repository.go:350.2,351.43 2 1
github.com/cangkir13/confide_acl/repository/repository.go:351.43,353.17 2 3
github.com/cangkir13/confide_acl/repository/repository.go:353.17,356.4 2 0
github.com/cangkir13/confide_acl/repository/repository.go:360.2,360.36 1 1
github.com/cangkir13/confide_acl/repository/repository.go:360.36,363.3 2 0
github.com/cangkir13/confide_acl/repository/repository.go:365.2,365.12 1 1
github.com/cangkir13/confide_acl/repository/repository.go:377.83,381.16 3 1
github.com/cangkir13/confide_acl/repository/repository.go:381.16,382.55 1 0
github.com/cangkir13/confide_acl/repository/repository.go:382.55,384.4 1 0
github.com/cangkir13/confide_acl/repository/repository.go:385.3,385.82 1 0
github.com/cangkir13/confide_acl/repository/repository.go:387.2,387.12 1 1
github.com/cangkir13/confide_acl/repository/repository.go:391.71,393.26 2 7
github.com/cangkir13/confide_acl/repository/repository.go:393.26,395.3 1 9
github.com/cangkir13/confide_acl/repository/repository.go:396.2,396.15 1 7
github.com/cangkir13/confide_acl/confide_acl.go:40.44,41.29 1 4
github.com/cangkir13/confide_acl/confide_acl.go:41.29,43.3 1 0
github.com/cangkir13/confide_acl/confide_acl.go:44.2,46.3 1 4
github.com/cangkir13/confide_acl/service.go:23.67,25.16 2 1
github.com/cangkir13/confide_acl/service.go:25.16,27.3 1 0
github.com/cangkir13/confide_acl/service.go:28.2,28.12 1 1
github.com/cangkir13/confide_acl/service.go:49.73,51.16 2 1
github.com/cangkir13/confide_acl/service.go:51.16,53.3 1 0
github.com/cangkir13/confide_acl/service.go:54.2,54.12 1 1
github.com/cangkir13/confide_acl/service.go:66.104,69.16 2 1
github.com/cangkir13/confide_acl/service.go:69.16,71.3 1 0
github.com/cangkir13/confide_acl/service.go:74.2,75.16 2 1
github.com/cangkir13/confide_acl/service.go:75.16,77.3 1 0
github.com/cangkir13/confide_acl/service.go:80.2,81.16 2 1
github.com/cangkir13/confide_acl/service.go:81.16,83.3 1 0
github.com/cangkir13/confide_acl/service.go:84.2,84.12 1 1
github.com/cangkir13/confide_acl/service.go:96.89,99.16 2 3
github.com/cangkir13/confide_acl/service.go:99.16,101.3 1 1
github.com/cangkir13/confide_acl/service.go:104.2,105.16 2 2
github.com/cangkir13/confide_acl/service.go:105.16,107.3 1 1
github.com/cangkir13/confide_acl/service.go:108.2,108.12 1 1
github.com/cangkir13/confide_acl/service.go:129.115,132.16 2 0
github.com/cangkir13/confide_acl/service.go:132.16,134.3 1 0
github.com/cangkir13/confide_acl/service.go:137.2,138.16 2 0
github.com/cangkir13/confide_acl/service.go:138.16,140.3 1 0
github.com/cangkir13/confide_acl/service.go:142.2,142.22 1 0
github.com/cangkir13/confide_acl/service.go:146.136,151.16 4 0
github.com/cangkir13/confide_acl/service.go:151.16,153.3 1 0
github.com/cangkir13/confide_acl/service.go:155.2,155.18 1 0
github.com/cangkir13/confide_acl/service.go:155.18,157.3 1 0
github.com/cangkir13/confide_acl/service.go:159.2,160.16 2 0
github.com/cangkir13/confide_acl/service.go:160.16,162.3 1 0
github.com/cangkir13/confide_acl/service.go:164.2,164.16 1 0
github.com/cangkir13/confide_acl/service.go:164.16,166.3 1 0
github.com/cangkir13/confide_acl/service.go:168.2,169.16 2 0
github.com/cangkir13/confide_acl/service.go:169.16,171.3 1 0
github.com/cangkir13/confide_acl/service.go:173.2,173.30 1 0
github.com/cangkir13/confide_acl/service.go:177.122,178.21 1 0
github.com/cangkir13/confide_acl/service.go:178.21,180.3 1 0
github.com/cangkir13/confide_acl/service.go:183.2,184.16 2 0
github.com/cangkir13/confide_acl/service.go:184.16,186.3 1 0
github.com/cangkir13/confide_acl/service.go:189.2,192.56 2 0
github.com/cangkir13/confide_acl/service.go:192.56,193.40 1 0
github.com/cangkir13/confide_acl/service.go:193.40,195.4 1 0
github.com/cangkir13/confide_acl/service.go:198.2,198.19 1 0
github.com/cangkir13/confide_acl/service.go:202.134,203.27 1 0
github.com/cangkir13/confide_acl/service.go:203.27,205.3 1 0
github.com/cangkir13/confide_acl/service.go:208.2,209.16 2 0
github.com/cangkir13/confide_acl/service.go:209.16,211.3 1 0
github.com/cangkir13/confide_acl/service.go:214.2,217.55 2 0
github.com/cangkir13/confide_acl/service.go:217.55,218.47 1 0
github.com/cangkir13/confide_acl/service.go:218.47,220.4 1 0
github.com/cangkir13/confide_acl/service.go:223.2,223.19 1 0
github.com/cangkir13/confide_acl/service.go:227.80,229.40 2 0
github.com/cangkir13/confide_acl/service.go:229.40,231.3 1 0
github.com/cangkir13/confide_acl/service.go:232.2,232.77 1 0
github.com/cangkir13/confide_acl/util.go:33.64,38.29 3 6
github.com/cangkir13/confide_acl/util.go:38.29,41.25 2 8
github.com/cangkir13/confide_acl/util.go:41.25,43.4 1 1
github.com/cangkir13/confide_acl/util.go:45.3,46.14 2 7
github.com/cangkir13/confide_acl/util.go:47.15,48.40 1 3
github.com/cangkir13/confide_acl/util.go:49.21,50.46 1 3
github.com/cangkir13/confide_acl/util.go:51.11,52.28 1 1
github.com/cangkir13/confide_acl/util.go:56.2,56.16 1 4
